Started GET "/" for ::1 at 2019-09-15 15:33:20 -0600
  [1m[35m (19.4ms)[0m  [1m[34mSELECT sqlite_version(*)[0m
  
ActiveRecord::PendingMigrationError (

Migrations are pending. To resolve this issue, run:

        rails db:migrate RAILS_ENV=development

):
  
activerecord (6.0.0) lib/active_record/migration.rb:587:in `check_pending!'
activerecord (6.0.0) lib/active_record/migration.rb:564:in `call'
actionpack (6.0.0) lib/action_dispatch/middleware/callbacks.rb:27:in `block in call'
activesupport (6.0.0) lib/active_support/callbacks.rb:101:in `run_callbacks'
actionpack (6.0.0) lib/action_dispatch/middleware/callbacks.rb:26:in `call'
actionpack (6.0.0) lib/action_dispatch/middleware/executor.rb:14:in `call'
actionpack (6.0.0) lib/action_dispatch/middleware/actionable_exceptions.rb:17:in `call'
actionpack (6.0.0) lib/action_dispatch/middleware/debug_exceptions.rb:32:in `call'
web-console (4.0.1) lib/web_console/middleware.rb:132:in `call_app'
web-console (4.0.1) lib/web_console/middleware.rb:28:in `block in call'
web-console (4.0.1) lib/web_console/middleware.rb:17:in `catch'
web-console (4.0.1) lib/web_console/middleware.rb:17:in `call'
actionpack (6.0.0) lib/action_dispatch/middleware/show_exceptions.rb:33:in `call'
railties (6.0.0) lib/rails/rack/logger.rb:38:in `call_app'
railties (6.0.0) lib/rails/rack/logger.rb:26:in `block in call'
activesupport (6.0.0) lib/active_support/tagged_logging.rb:80:in `block in tagged'
activesupport (6.0.0) lib/active_support/tagged_logging.rb:28:in `tagged'
activesupport (6.0.0) lib/active_support/tagged_logging.rb:80:in `tagged'
railties (6.0.0) lib/rails/rack/logger.rb:26:in `call'
sprockets-rails (3.2.1) lib/sprockets/rails/quiet_assets.rb:13:in `call'
actionpack (6.0.0) lib/action_dispatch/middleware/remote_ip.rb:81:in `call'
actionpack (6.0.0) lib/action_dispatch/middleware/request_id.rb:27:in `call'
rack (2.0.7) lib/rack/method_override.rb:22:in `call'
rack (2.0.7) lib/rack/runtime.rb:22:in `call'
activesupport (6.0.0) lib/active_support/cache/strategy/local_cache_middleware.rb:29:in `call'
actionpack (6.0.0) lib/action_dispatch/middleware/executor.rb:14:in `call'
actionpack (6.0.0) lib/action_dispatch/middleware/static.rb:126:in `call'
rack (2.0.7) lib/rack/sendfile.rb:111:in `call'
actionpack (6.0.0) lib/action_dispatch/middleware/host_authorization.rb:83:in `call'
webpacker (4.0.7) lib/webpacker/dev_server_proxy.rb:29:in `perform_request'
rack-proxy (0.6.5) lib/rack/proxy.rb:57:in `call'
railties (6.0.0) lib/rails/engine.rb:526:in `call'
puma (3.12.1) lib/puma/configuration.rb:227:in `call'
puma (3.12.1) lib/puma/server.rb:660:in `handle_request'
puma (3.12.1) lib/puma/server.rb:474:in `process_client'
puma (3.12.1) lib/puma/server.rb:334:in `block in run'
puma (3.12.1) lib/puma/thread_pool.rb:135:in `block in spawn_thread'
Started POST "/rails/actions" for ::1 at 2019-09-15 15:33:29 -0600
  [1m[35m (18.5ms)[0m  [1m[35mCREATE TABLE "schema_migrations" ("version" varchar NOT NULL PRIMARY KEY)[0m
  [1m[35m (18.2ms)[0m  [1m[35mCREATE TABLE "ar_internal_metadata" ("key" varchar NOT NULL PRIMARY KEY, "value" varchar, "created_at" datetime(6) NOT NULL, "updated_at" datetime(6) NOT NULL)[0m
  [1m[35m (0.4ms)[0m  [1m[34mSELECT "schema_migrations"."version" FROM "schema_migrations" ORDER BY "schema_migrations"."version" ASC[0m
Migrating to CreateMakes (20190914231542)
  [1m[35m (0.1ms)[0m  [1m[36mbegin transaction[0m
  [1m[35m (1.6ms)[0m  [1m[35mCREATE TABLE "makes" ("id" integer PRIMARY KEY AUTOINCREMENT NOT NULL, "name" varchar, "country" varchar, "car_id" integer NOT NULL, "created_at" datetime(6) NOT NULL, "updated_at" datetime(6) NOT NULL, CONSTRAINT "fk_rails_102fa2e36e"
FOREIGN KEY ("car_id")
  REFERENCES "cars" ("id")
)[0m
  [1m[35m (0.1ms)[0m  [1m[35mCREATE  INDEX "index_makes_on_car_id" ON "makes" ("car_id")[0m
  [1m[36mprimary::SchemaMigration Create (0.6ms)[0m  [1m[32mINSERT INTO "schema_migrations" ("version") VALUES (?)[0m  [["version", "20190914231542"]]
  [1m[35m (23.1ms)[0m  [1m[36mcommit transaction[0m
Migrating to CreateCars (20190914231911)
  [1m[35m (0.1ms)[0m  [1m[36mbegin transaction[0m
  [1m[35m (1.2ms)[0m  [1m[35mCREATE TABLE "cars" ("id" integer PRIMARY KEY AUTOINCREMENT NOT NULL, "model" varchar, "vin" integer, "part" varchar, "created_at" datetime(6) NOT NULL, "updated_at" datetime(6) NOT NULL)[0m
  [1m[36mprimary::SchemaMigration Create (0.3ms)[0m  [1m[32mINSERT INTO "schema_migrations" ("version") VALUES (?)[0m  [["version", "20190914231911"]]
  [1m[35m (24.1ms)[0m  [1m[36mcommit transaction[0m
Migrating to CreateParts (20190915184058)
  [1m[35m (0.1ms)[0m  [1m[36mbegin transaction[0m
  [1m[35m (1.2ms)[0m  [1m[35mCREATE TABLE "parts" ("id" integer PRIMARY KEY AUTOINCREMENT NOT NULL, "name" varchar, "created_at" datetime(6) NOT NULL, "updated_at" datetime(6) NOT NULL)[0m
  [1m[36mprimary::SchemaMigration Create (0.3ms)[0m  [1m[32mINSERT INTO "schema_migrations" ("version") VALUES (?)[0m  [["version", "20190915184058"]]
  [1m[35m (15.3ms)[0m  [1m[36mcommit transaction[0m
  [1m[36mActiveRecord::InternalMetadata Load (0.9ms)[0m  [1m[34mSELECT "ar_internal_metadata".* FROM "ar_internal_metadata" WHERE "ar_internal_metadata"."key" = ? LIMIT ?[0m  [["key", "environment"], ["LIMIT", 1]]
  [1m[35m (0.1ms)[0m  [1m[36mbegin transaction[0m
  [1m[36mActiveRecord::InternalMetadata Create (1.4ms)[0m  [1m[32mINSERT INTO "ar_internal_metadata" ("key", "value", "created_at", "updated_at") VALUES (?, ?, ?, ?)[0m  [["key", "environment"], ["value", "development"], ["created_at", "2019-09-15 21:33:30.290787"], ["updated_at", "2019-09-15 21:33:30.290787"]]
  [1m[35m (21.9ms)[0m  [1m[36mcommit transaction[0m
Started GET "/" for ::1 at 2019-09-15 15:33:30 -0600
  [1m[35m (0.6ms)[0m  [1m[34mSELECT "schema_migrations"."version" FROM "schema_migrations" ORDER BY "schema_migrations"."version" ASC[0m
Processing by Rails::WelcomeController#index as HTML
  Rendering /home/david/.rvm/gems/ruby-2.6.3/gems/railties-6.0.0/lib/rails/templates/rails/welcome/index.html.erb
  Rendered /home/david/.rvm/gems/ruby-2.6.3/gems/railties-6.0.0/lib/rails/templates/rails/welcome/index.html.erb (Duration: 41.3ms | Allocations: 201)
Completed 200 OK in 60ms (Views: 52.1ms | ActiveRecord: 0.0ms | Allocations: 1181)


Started GET "/" for ::1 at 2019-09-15 15:36:10 -0600
Processing by Rails::WelcomeController#index as HTML
  Rendering /home/david/.rvm/gems/ruby-2.6.3/gems/railties-6.0.0/lib/rails/templates/rails/welcome/index.html.erb
  Rendered /home/david/.rvm/gems/ruby-2.6.3/gems/railties-6.0.0/lib/rails/templates/rails/welcome/index.html.erb (Duration: 11.0ms | Allocations: 1132)
Completed 200 OK in 15ms (Views: 13.3ms | ActiveRecord: 0.0ms | Allocations: 2761)


Started GET "/" for ::1 at 2019-09-15 15:36:21 -0600
Processing by Rails::WelcomeController#index as HTML
  Rendering /home/david/.rvm/gems/ruby-2.6.3/gems/railties-6.0.0/lib/rails/templates/rails/welcome/index.html.erb
  Rendered /home/david/.rvm/gems/ruby-2.6.3/gems/railties-6.0.0/lib/rails/templates/rails/welcome/index.html.erb (Duration: 1.0ms | Allocations: 8)
Completed 200 OK in 4ms (Views: 3.1ms | ActiveRecord: 0.0ms | Allocations: 305)


Started GET "/car" for ::1 at 2019-09-15 15:36:24 -0600
  
ActionController::RoutingError (No route matches [GET] "/car"):
  
actionpack (6.0.0) lib/action_dispatch/middleware/debug_exceptions.rb:36:in `call'
web-console (4.0.1) lib/web_console/middleware.rb:132:in `call_app'
web-console (4.0.1) lib/web_console/middleware.rb:28:in `block in call'
web-console (4.0.1) lib/web_console/middleware.rb:17:in `catch'
web-console (4.0.1) lib/web_console/middleware.rb:17:in `call'
actionpack (6.0.0) lib/action_dispatch/middleware/show_exceptions.rb:33:in `call'
railties (6.0.0) lib/rails/rack/logger.rb:38:in `call_app'
railties (6.0.0) lib/rails/rack/logger.rb:26:in `block in call'
activesupport (6.0.0) lib/active_support/tagged_logging.rb:80:in `block in tagged'
activesupport (6.0.0) lib/active_support/tagged_logging.rb:28:in `tagged'
activesupport (6.0.0) lib/active_support/tagged_logging.rb:80:in `tagged'
railties (6.0.0) lib/rails/rack/logger.rb:26:in `call'
sprockets-rails (3.2.1) lib/sprockets/rails/quiet_assets.rb:13:in `call'
actionpack (6.0.0) lib/action_dispatch/middleware/remote_ip.rb:81:in `call'
actionpack (6.0.0) lib/action_dispatch/middleware/request_id.rb:27:in `call'
rack (2.0.7) lib/rack/method_override.rb:22:in `call'
rack (2.0.7) lib/rack/runtime.rb:22:in `call'
activesupport (6.0.0) lib/active_support/cache/strategy/local_cache_middleware.rb:29:in `call'
actionpack (6.0.0) lib/action_dispatch/middleware/executor.rb:14:in `call'
actionpack (6.0.0) lib/action_dispatch/middleware/static.rb:126:in `call'
rack (2.0.7) lib/rack/sendfile.rb:111:in `call'
actionpack (6.0.0) lib/action_dispatch/middleware/host_authorization.rb:83:in `call'
webpacker (4.0.7) lib/webpacker/dev_server_proxy.rb:29:in `perform_request'
rack-proxy (0.6.5) lib/rack/proxy.rb:57:in `call'
railties (6.0.0) lib/rails/engine.rb:526:in `call'
puma (3.12.1) lib/puma/configuration.rb:227:in `call'
puma (3.12.1) lib/puma/server.rb:660:in `handle_request'
puma (3.12.1) lib/puma/server.rb:474:in `process_client'
puma (3.12.1) lib/puma/server.rb:334:in `block in run'
puma (3.12.1) lib/puma/thread_pool.rb:135:in `block in spawn_thread'
Started GET "/cars" for ::1 at 2019-09-15 15:36:35 -0600
Processing by CarsController#index as HTML
  Rendering cars/index.html.erb within layouts/application
  [1m[36mCar Load (0.3ms)[0m  [1m[34mSELECT "cars".* FROM "cars"[0m
  ↳ app/views/cars/index.html.erb:16
  Rendered cars/index.html.erb within layouts/application (Duration: 31.4ms | Allocations: 1269)
[Webpacker] Compiling…
[Webpacker] Compiled all packs in /home/david/assignment-one-kclark85/test/carpartstest/public/packs
Completed 200 OK in 24040ms (Views: 23985.3ms | ActiveRecord: 0.8ms | Allocations: 1278711)


Started GET "/cars/new" for ::1 at 2019-09-15 15:37:02 -0600
Processing by CarsController#new as HTML
  Rendering cars/new.html.erb within layouts/application
  Rendered cars/_form.html.erb (Duration: 187.3ms | Allocations: 7554)
  Rendered cars/new.html.erb within layouts/application (Duration: 198.4ms | Allocations: 7907)
Completed 200 OK in 262ms (Views: 247.7ms | ActiveRecord: 2.2ms | Allocations: 18434)


Started POST "/cars" for ::1 at 2019-09-15 15:37:27 -0600
Processing by CarsController#create as HTML
  Parameters: {"authenticity_token"=>"GVPM9R72b72GKpWBSgRPVGxNix/6a/zRVrSZqtVC4++Wdz9nBCr1LgVehFZhzeho/Cnip/qzl3BJn34MDOXgug==", "car"=>{"model"=>"Avalon", "vin"=>"100000000", "part"=>"windshield"}, "commit"=>"Create Car"}
  [1m[35m (0.2ms)[0m  [1m[36mbegin transaction[0m
  ↳ app/controllers/cars_controller.rb:30:in `block in create'
  [1m[36mCar Create (1.3ms)[0m  [1m[32mINSERT INTO "cars" ("model", "vin", "part", "created_at", "updated_at") VALUES (?, ?, ?, ?, ?)[0m  [["model", "Avalon"], ["vin", 100000000], ["part", "windshield"], ["created_at", "2019-09-15 21:37:27.563456"], ["updated_at", "2019-09-15 21:37:27.563456"]]
  ↳ app/controllers/cars_controller.rb:30:in `block in create'
  [1m[35m (12.8ms)[0m  [1m[36mcommit transaction[0m
  ↳ app/controllers/cars_controller.rb:30:in `block in create'
Redirected to http://localhost:3000/cars/1
Completed 302 Found in 35ms (ActiveRecord: 14.3ms | Allocations: 4036)


Started GET "/cars/1" for ::1 at 2019-09-15 15:37:27 -0600
Processing by CarsController#show as HTML
  Parameters: {"id"=>"1"}
  [1m[36mCar Load (0.4ms)[0m  [1m[34mSELECT "cars".* FROM "cars" WHERE "cars"."id" = ? LIMIT ?[0m  [["id", 1], ["LIMIT", 1]]
  ↳ app/controllers/cars_controller.rb:67:in `set_car'
  Rendering cars/show.html.erb within layouts/application
  Rendered cars/show.html.erb within layouts/application (Duration: 18.4ms | Allocations: 302)
Completed 200 OK in 56ms (Views: 51.2ms | ActiveRecord: 0.4ms | Allocations: 8134)


Started GET "/cars" for ::1 at 2019-09-16 06:58:59 -0600
  [1m[35m (0.3ms)[0m  [1m[34mSELECT sqlite_version(*)[0m
Processing by CarsController#index as HTML
  Rendering cars/index.html.erb within layouts/application
  [1m[36mCar Load (1.0ms)[0m  [1m[34mSELECT "cars".* FROM "cars"[0m
  ↳ app/views/cars/index.html.erb:16
  Rendered cars/index.html.erb within layouts/application (Duration: 10.3ms | Allocations: 848)
Completed 200 OK in 47ms (Views: 44.7ms | ActiveRecord: 1.0ms | Allocations: 7742)


Started GET "/cars/new" for ::1 at 2019-09-16 06:59:04 -0600
Processing by CarsController#new as HTML
  Rendering cars/new.html.erb within layouts/application
  Rendered cars/_form.html.erb (Duration: 2.5ms | Allocations: 902)
  Rendered cars/new.html.erb within layouts/application (Duration: 3.6ms | Allocations: 987)
Completed 200 OK in 51ms (Views: 49.2ms | ActiveRecord: 0.0ms | Allocations: 7880)


Started GET "/car" for 127.0.0.1 at 2019-09-16 07:07:43 -0600
  [1m[35m (32.4ms)[0m  [1m[34mSELECT sqlite_version(*)[0m
  [1m[35m (0.5ms)[0m  [1m[34mSELECT "schema_migrations"."version" FROM "schema_migrations" ORDER BY "schema_migrations"."version" ASC[0m
  
ActionController::RoutingError (No route matches [GET] "/car"):
  
actionpack (6.0.0) lib/action_dispatch/middleware/debug_exceptions.rb:36:in `call'
web-console (4.0.1) lib/web_console/middleware.rb:132:in `call_app'
web-console (4.0.1) lib/web_console/middleware.rb:28:in `block in call'
web-console (4.0.1) lib/web_console/middleware.rb:17:in `catch'
web-console (4.0.1) lib/web_console/middleware.rb:17:in `call'
actionpack (6.0.0) lib/action_dispatch/middleware/show_exceptions.rb:33:in `call'
railties (6.0.0) lib/rails/rack/logger.rb:38:in `call_app'
railties (6.0.0) lib/rails/rack/logger.rb:26:in `block in call'
activesupport (6.0.0) lib/active_support/tagged_logging.rb:80:in `block in tagged'
activesupport (6.0.0) lib/active_support/tagged_logging.rb:28:in `tagged'
activesupport (6.0.0) lib/active_support/tagged_logging.rb:80:in `tagged'
railties (6.0.0) lib/rails/rack/logger.rb:26:in `call'
sprockets-rails (3.2.1) lib/sprockets/rails/quiet_assets.rb:13:in `call'
actionpack (6.0.0) lib/action_dispatch/middleware/remote_ip.rb:81:in `call'
actionpack (6.0.0) lib/action_dispatch/middleware/request_id.rb:27:in `call'
rack (2.0.7) lib/rack/method_override.rb:22:in `call'
rack (2.0.7) lib/rack/runtime.rb:22:in `call'
activesupport (6.0.0) lib/active_support/cache/strategy/local_cache_middleware.rb:29:in `call'
actionpack (6.0.0) lib/action_dispatch/middleware/executor.rb:14:in `call'
actionpack (6.0.0) lib/action_dispatch/middleware/static.rb:126:in `call'
rack (2.0.7) lib/rack/sendfile.rb:111:in `call'
actionpack (6.0.0) lib/action_dispatch/middleware/host_authorization.rb:83:in `call'
webpacker (4.0.7) lib/webpacker/dev_server_proxy.rb:29:in `perform_request'
rack-proxy (0.6.5) lib/rack/proxy.rb:57:in `call'
railties (6.0.0) lib/rails/engine.rb:526:in `call'
puma (3.12.1) lib/puma/configuration.rb:227:in `call'
puma (3.12.1) lib/puma/server.rb:660:in `handle_request'
puma (3.12.1) lib/puma/server.rb:474:in `process_client'
puma (3.12.1) lib/puma/server.rb:334:in `block in run'
puma (3.12.1) lib/puma/thread_pool.rb:135:in `block in spawn_thread'
Started GET "/cars" for 127.0.0.1 at 2019-09-16 07:07:55 -0600
Processing by CarsController#index as HTML
  Rendering cars/index.html.erb within layouts/application
  [1m[36mCar Load (0.8ms)[0m  [1m[34mSELECT "cars".* FROM "cars"[0m
  ↳ app/views/cars/index.html.erb:16
  Rendered cars/index.html.erb within layouts/application (Duration: 82.0ms | Allocations: 5207)
Completed 200 OK in 9718ms (Views: 9617.2ms | ActiveRecord: 4.7ms | Allocations: 1260632)


Started GET "/cars/new" for 127.0.0.1 at 2019-09-16 07:08:13 -0600
Processing by CarsController#new as HTML
  Rendering cars/new.html.erb within layouts/application
  Rendered cars/_form.html.erb (Duration: 349.6ms | Allocations: 2818)
  Rendered cars/new.html.erb within layouts/application (Duration: 369.8ms | Allocations: 3171)
Completed 200 OK in 428ms (Views: 422.2ms | ActiveRecord: 0.0ms | Allocations: 10224)


Started GET "/cars" for ::1 at 2019-09-16 10:36:28 -0600
  [1m[35m (12.3ms)[0m  [1m[34mSELECT sqlite_version(*)[0m
  [1m[35m (0.3ms)[0m  [1m[34mSELECT "schema_migrations"."version" FROM "schema_migrations" ORDER BY "schema_migrations"."version" ASC[0m
Processing by CarsController#index as HTML
  Rendering cars/index.html.erb within layouts/application
  [1m[36mCar Load (1.0ms)[0m  [1m[34mSELECT "cars".* FROM "cars"[0m
  ↳ app/views/cars/index.html.erb:16
  Rendered cars/index.html.erb within layouts/application (Duration: 47.6ms | Allocations: 5307)
Completed 200 OK in 5736ms (Views: 5654.7ms | ActiveRecord: 1.8ms | Allocations: 1261951)


Started GET "/cars/new" for ::1 at 2019-09-16 10:36:39 -0600
Processing by CarsController#new as HTML
  Rendering cars/new.html.erb within layouts/application
  Rendered cars/_form.html.erb (Duration: 135.3ms | Allocations: 2932)
  Rendered cars/new.html.erb within layouts/application (Duration: 138.6ms | Allocations: 3291)
Completed 200 OK in 165ms (Views: 163.9ms | ActiveRecord: 0.0ms | Allocations: 10381)


Started POST "/cars" for ::1 at 2019-09-16 10:37:07 -0600
Processing by CarsController#create as HTML
  Parameters: {"authenticity_token"=>"WgYX2DrL2RCkEWIIywlwg7ZEvHtuXQcqzR5WgLUnMsnVIuRKIBdDgydlc9/gwNe/JiDVw26FbIvSNbEmbIAxnA==", "car"=>{"model"=>"butt", "vin"=>"11111111111111", "part"=>"arse"}, "commit"=>"Create Car"}
  [1m[35m (0.1ms)[0m  [1m[36mbegin transaction[0m
  ↳ app/controllers/cars_controller.rb:30:in `block in create'
  [1m[36mCar Create (1.2ms)[0m  [1m[32mINSERT INTO "cars" ("model", "vin", "part", "created_at", "updated_at") VALUES (?, ?, ?, ?, ?)[0m  [["model", "butt"], ["vin", 11111111111111], ["part", "arse"], ["created_at", "2019-09-16 16:37:07.192621"], ["updated_at", "2019-09-16 16:37:07.192621"]]
  ↳ app/controllers/cars_controller.rb:30:in `block in create'
  [1m[35m (9.8ms)[0m  [1m[36mcommit transaction[0m
  ↳ app/controllers/cars_controller.rb:30:in `block in create'
Redirected to http://localhost:3000/cars/2
Completed 302 Found in 18ms (ActiveRecord: 11.1ms | Allocations: 4245)


Started GET "/cars/2" for ::1 at 2019-09-16 10:37:07 -0600
Processing by CarsController#show as HTML
  Parameters: {"id"=>"2"}
  [1m[36mCar Load (0.7ms)[0m  [1m[34mSELECT "cars".* FROM "cars" WHERE "cars"."id" = ? LIMIT ?[0m  [["id", 2], ["LIMIT", 1]]
  ↳ app/controllers/cars_controller.rb:67:in `set_car'
  Rendering cars/show.html.erb within layouts/application
  Rendered cars/show.html.erb within layouts/application (Duration: 13.6ms | Allocations: 302)
Completed 200 OK in 69ms (Views: 46.4ms | ActiveRecord: 0.7ms | Allocations: 8455)


  [1m[35m (1.3ms)[0m  [1m[34mSELECT sqlite_version(*)[0m
  [1m[35m (0.3ms)[0m  [1m[34mSELECT "schema_migrations"."version" FROM "schema_migrations" ORDER BY "schema_migrations"."version" ASC[0m
  [1m[35m (0.3ms)[0m  [1m[34mSELECT "ar_internal_metadata"."value" FROM "ar_internal_metadata" WHERE "ar_internal_metadata"."key" = ?[0m  [["key", "environment"]]
  [1m[35m (0.2ms)[0m  [1m[34mSELECT "schema_migrations"."version" FROM "schema_migrations" ORDER BY "schema_migrations"."version" ASC[0m
  [1m[35m (0.1ms)[0m  [1m[34mSELECT "ar_internal_metadata"."value" FROM "ar_internal_metadata" WHERE "ar_internal_metadata"."key" = ?[0m  [["key", "environment"]]
  [1m[35m (0.2ms)[0m  [1m[34mSELECT "schema_migrations"."version" FROM "schema_migrations" ORDER BY "schema_migrations"."version" ASC[0m
  [1m[35m (0.2ms)[0m  [1m[34mSELECT "ar_internal_metadata"."value" FROM "ar_internal_metadata" WHERE "ar_internal_metadata"."key" = ?[0m  [["key", "environment"]]
  [1m[35m (0.1ms)[0m  [1m[34mSELECT sqlite_version(*)[0m
  [1m[35m (0.1ms)[0m  [1m[34mSELECT sqlite_version(*)[0m
  [1m[35m (0.1ms)[0m  [1m[34mSELECT sqlite_version(*)[0m
  [1m[35m (0.3ms)[0m  [1m[35mDROP TABLE IF EXISTS "car_parts"[0m
  [1m[35m (13.5ms)[0m  [1m[35mCREATE TABLE "car_parts" ("id" integer PRIMARY KEY AUTOINCREMENT NOT NULL, "part" varchar, "car_id" integer NOT NULL, "created_at" datetime(6) NOT NULL, "updated_at" datetime(6) NOT NULL)[0m
  [1m[35m (12.1ms)[0m  [1m[35mCREATE  INDEX "index_car_parts_on_car_id" ON "car_parts" ("car_id")[0m
  [1m[35m (0.2ms)[0m  [1m[35mDROP TABLE IF EXISTS "cars"[0m
  [1m[35m (8.9ms)[0m  [1m[35mCREATE TABLE "cars" ("id" integer PRIMARY KEY AUTOINCREMENT NOT NULL, "model" varchar, "vin" integer, "part" varchar, "created_at" datetime(6) NOT NULL, "updated_at" datetime(6) NOT NULL)[0m
  [1m[35m (0.2ms)[0m  [1m[35mDROP TABLE IF EXISTS "makes"[0m
  [1m[35m (9.8ms)[0m  [1m[35mCREATE TABLE "makes" ("id" integer PRIMARY KEY AUTOINCREMENT NOT NULL, "name" varchar, "country" varchar, "car_id" integer NOT NULL, "created_at" datetime(6) NOT NULL, "updated_at" datetime(6) NOT NULL)[0m
  [1m[35m (9.4ms)[0m  [1m[35mCREATE  INDEX "index_makes_on_car_id" ON "makes" ("car_id")[0m
  [1m[35m (0.2ms)[0m  [1m[35mDROP TABLE IF EXISTS "parts"[0m
  [1m[35m (10.3ms)[0m  [1m[35mCREATE TABLE "parts" ("id" integer PRIMARY KEY AUTOINCREMENT NOT NULL, "name" varchar, "created_at" datetime(6) NOT NULL, "updated_at" datetime(6) NOT NULL)[0m
  [1m[35m (0.0ms)[0m  [1m[36mbegin transaction[0m
  [1m[35m (0.2ms)[0m  [1m[35mPRAGMA foreign_keys[0m
  [1m[35m (0.3ms)[0m  [1m[35mPRAGMA defer_foreign_keys[0m
  [1m[35m (0.1ms)[0m  [1m[35mPRAGMA defer_foreign_keys = ON[0m
  [1m[35m (0.1ms)[0m  [1m[35mPRAGMA foreign_keys = OFF[0m
  [1m[35m (0.2ms)[0m  [1m[35mCREATE TEMPORARY TABLE "acar_parts" ("id" integer NOT NULL PRIMARY KEY, "part" varchar DEFAULT NULL, "car_id" integer NOT NULL, "created_at" datetime(6) NOT NULL, "updated_at" datetime(6) NOT NULL)[0m
  [1m[35m (0.1ms)[0m  [1m[35mCREATE  INDEX "tindex_acar_parts_on_car_id" ON "acar_parts" ("car_id")[0m
  [1m[35m (0.1ms)[0m  [1m[32mINSERT INTO "acar_parts" ("id","part","car_id","created_at","updated_at")
                     SELECT "id","part","car_id","created_at","updated_at" FROM "car_parts"[0m
  [1m[35m (1.3ms)[0m  [1m[35mDROP TABLE "car_parts"[0m
  [1m[35m (0.4ms)[0m  [1m[35mCREATE TABLE "car_parts" ("id" integer NOT NULL PRIMARY KEY, "part" varchar DEFAULT NULL, "car_id" integer NOT NULL, "created_at" datetime(6) NOT NULL, "updated_at" datetime(6) NOT NULL, CONSTRAINT "fk_rails_ab8ad05bbc"
FOREIGN KEY ("car_id")
  REFERENCES "cars" ("id")
)[0m
  [1m[35m (0.2ms)[0m  [1m[35mCREATE  INDEX "index_car_parts_on_car_id" ON "car_parts" ("car_id")[0m
  [1m[35m (0.1ms)[0m  [1m[32mINSERT INTO "car_parts" ("id","part","car_id","created_at","updated_at")
                     SELECT "id","part","car_id","created_at","updated_at" FROM "acar_parts"[0m
  [1m[35m (0.2ms)[0m  [1m[35mDROP TABLE "acar_parts"[0m
  [1m[35m (0.1ms)[0m  [1m[35mPRAGMA defer_foreign_keys = 0[0m
  [1m[35m (0.1ms)[0m  [1m[35mPRAGMA foreign_keys = 1[0m
  [1m[35m (10.1ms)[0m  [1m[36mcommit transaction[0m
  [1m[35m (0.0ms)[0m  [1m[36mbegin transaction[0m
  [1m[35m (0.1ms)[0m  [1m[35mPRAGMA foreign_keys[0m
  [1m[35m (0.1ms)[0m  [1m[35mPRAGMA defer_foreign_keys[0m
  [1m[35m (0.1ms)[0m  [1m[35mPRAGMA defer_foreign_keys = ON[0m
  [1m[35m (0.1ms)[0m  [1m[35mPRAGMA foreign_keys = OFF[0m
  [1m[35m (0.2ms)[0m  [1m[35mCREATE TEMPORARY TABLE "amakes" ("id" integer NOT NULL PRIMARY KEY, "name" varchar DEFAULT NULL, "country" varchar DEFAULT NULL, "car_id" integer NOT NULL, "created_at" datetime(6) NOT NULL, "updated_at" datetime(6) NOT NULL)[0m
  [1m[35m (0.1ms)[0m  [1m[35mCREATE  INDEX "tindex_amakes_on_car_id" ON "amakes" ("car_id")[0m
  [1m[35m (0.5ms)[0m  [1m[32mINSERT INTO "amakes" ("id","name","country","car_id","created_at","updated_at")
                     SELECT "id","name","country","car_id","created_at","updated_at" FROM "makes"[0m
  [1m[35m (1.3ms)[0m  [1m[35mDROP TABLE "makes"[0m
  [1m[35m (0.2ms)[0m  [1m[35mCREATE TABLE "makes" ("id" integer NOT NULL PRIMARY KEY, "name" varchar DEFAULT NULL, "country" varchar DEFAULT NULL, "car_id" integer NOT NULL, "created_at" datetime(6) NOT NULL, "updated_at" datetime(6) NOT NULL, CONSTRAINT "fk_rails_102fa2e36e"
FOREIGN KEY ("car_id")
  REFERENCES "cars" ("id")
)[0m
  [1m[35m (0.2ms)[0m  [1m[35mCREATE  INDEX "index_makes_on_car_id" ON "makes" ("car_id")[0m
  [1m[35m (0.1ms)[0m  [1m[32mINSERT INTO "makes" ("id","name","country","car_id","created_at","updated_at")
                     SELECT "id","name","country","car_id","created_at","updated_at" FROM "amakes"[0m
  [1m[35m (0.2ms)[0m  [1m[35mDROP TABLE "amakes"[0m
  [1m[35m (0.1ms)[0m  [1m[35mPRAGMA defer_foreign_keys = 0[0m
  [1m[35m (0.1ms)[0m  [1m[35mPRAGMA foreign_keys = 1[0m
  [1m[35m (8.7ms)[0m  [1m[36mcommit transaction[0m
  [1m[35m (9.3ms)[0m  [1m[35mCREATE TABLE "schema_migrations" ("version" varchar NOT NULL PRIMARY KEY)[0m
  [1m[35m (0.2ms)[0m  [1m[34mSELECT "schema_migrations"."version" FROM "schema_migrations" ORDER BY "schema_migrations"."version" ASC[0m
  [1m[35m (10.3ms)[0m  [1m[32mINSERT INTO "schema_migrations" (version) VALUES (20190915184058)[0m
  [1m[35m (9.7ms)[0m  [1m[32mINSERT INTO "schema_migrations" (version) VALUES
(20190914231542),
(20190914231911);

[0m
  [1m[35m (11.4ms)[0m  [1m[35mCREATE TABLE "ar_internal_metadata" ("key" varchar NOT NULL PRIMARY KEY, "value" varchar, "created_at" datetime(6) NOT NULL, "updated_at" datetime(6) NOT NULL)[0m
  [1m[36mActiveRecord::InternalMetadata Load (0.6ms)[0m  [1m[34mSELECT "ar_internal_metadata".* FROM "ar_internal_metadata" WHERE "ar_internal_metadata"."key" = ? LIMIT ?[0m  [["key", "environment"], ["LIMIT", 1]]
  [1m[35m (0.1ms)[0m  [1m[36mbegin transaction[0m
  [1m[36mActiveRecord::InternalMetadata Create (1.7ms)[0m  [1m[32mINSERT INTO "ar_internal_metadata" ("key", "value", "created_at", "updated_at") VALUES (?, ?, ?, ?)[0m  [["key", "environment"], ["value", "development"], ["created_at", "2019-09-16 16:38:27.351102"], ["updated_at", "2019-09-16 16:38:27.351102"]]
  [1m[35m (13.0ms)[0m  [1m[36mcommit transaction[0m
  [1m[36mActiveRecord::InternalMetadata Load (0.8ms)[0m  [1m[34mSELECT "ar_internal_metadata".* FROM "ar_internal_metadata" WHERE "ar_internal_metadata"."key" = ? LIMIT ?[0m  [["key", "environment"], ["LIMIT", 1]]
  [1m[36mActiveRecord::InternalMetadata Load (0.2ms)[0m  [1m[34mSELECT "ar_internal_metadata".* FROM "ar_internal_metadata" WHERE "ar_internal_metadata"."key" = ? LIMIT ?[0m  [["key", "schema_sha1"], ["LIMIT", 1]]
  [1m[35m (0.1ms)[0m  [1m[36mbegin transaction[0m
  [1m[36mActiveRecord::InternalMetadata Create (1.2ms)[0m  [1m[32mINSERT INTO "ar_internal_metadata" ("key", "value", "created_at", "updated_at") VALUES (?, ?, ?, ?)[0m  [["key", "schema_sha1"], ["value", "63ba19c95896c0dba1f966610422e23c3e6f170d"], ["created_at", "2019-09-16 16:38:27.382694"], ["updated_at", "2019-09-16 16:38:27.382694"]]
  [1m[35m (11.8ms)[0m  [1m[36mcommit transaction[0m
  [1m[35m (0.2ms)[0m  [1m[34mSELECT sqlite_version(*)[0m
  [1m[35m (0.3ms)[0m  [1m[35mDROP TABLE IF EXISTS "car_parts"[0m
  [1m[35m (10.8ms)[0m  [1m[35mCREATE TABLE "car_parts" ("id" integer PRIMARY KEY AUTOINCREMENT NOT NULL, "part" varchar, "car_id" integer NOT NULL, "created_at" datetime(6) NOT NULL, "updated_at" datetime(6) NOT NULL)[0m
  [1m[35m (9.8ms)[0m  [1m[35mCREATE  INDEX "index_car_parts_on_car_id" ON "car_parts" ("car_id")[0m
  [1m[35m (0.4ms)[0m  [1m[35mDROP TABLE IF EXISTS "cars"[0m
  [1m[35m (9.9ms)[0m  [1m[35mCREATE TABLE "cars" ("id" integer PRIMARY KEY AUTOINCREMENT NOT NULL, "model" varchar, "vin" integer, "part" varchar, "created_at" datetime(6) NOT NULL, "updated_at" datetime(6) NOT NULL)[0m
  [1m[35m (0.2ms)[0m  [1m[35mDROP TABLE IF EXISTS "makes"[0m
  [1m[35m (11.9ms)[0m  [1m[35mCREATE TABLE "makes" ("id" integer PRIMARY KEY AUTOINCREMENT NOT NULL, "name" varchar, "country" varchar, "car_id" integer NOT NULL, "created_at" datetime(6) NOT NULL, "updated_at" datetime(6) NOT NULL)[0m
  [1m[35m (13.2ms)[0m  [1m[35mCREATE  INDEX "index_makes_on_car_id" ON "makes" ("car_id")[0m
  [1m[35m (0.2ms)[0m  [1m[35mDROP TABLE IF EXISTS "parts"[0m
  [1m[35m (11.5ms)[0m  [1m[35mCREATE TABLE "parts" ("id" integer PRIMARY KEY AUTOINCREMENT NOT NULL, "name" varchar, "created_at" datetime(6) NOT NULL, "updated_at" datetime(6) NOT NULL)[0m
  [1m[35m (0.1ms)[0m  [1m[36mbegin transaction[0m
  [1m[35m (0.1ms)[0m  [1m[35mPRAGMA foreign_keys[0m
  [1m[35m (0.1ms)[0m  [1m[35mPRAGMA defer_foreign_keys[0m
  [1m[35m (0.1ms)[0m  [1m[35mPRAGMA defer_foreign_keys = ON[0m
  [1m[35m (0.1ms)[0m  [1m[35mPRAGMA foreign_keys = OFF[0m
  [1m[35m (0.2ms)[0m  [1m[35mCREATE TEMPORARY TABLE "acar_parts" ("id" integer NOT NULL PRIMARY KEY, "part" varchar DEFAULT NULL, "car_id" integer NOT NULL, "created_at" datetime(6) NOT NULL, "updated_at" datetime(6) NOT NULL)[0m
  [1m[35m (0.6ms)[0m  [1m[35mCREATE  INDEX "tindex_acar_parts_on_car_id" ON "acar_parts" ("car_id")[0m
  [1m[35m (0.2ms)[0m  [1m[32mINSERT INTO "acar_parts" ("id","part","car_id","created_at","updated_at")
                     SELECT "id","part","car_id","created_at","updated_at" FROM "car_parts"[0m
  [1m[35m (1.6ms)[0m  [1m[35mDROP TABLE "car_parts"[0m
  [1m[35m (0.2ms)[0m  [1m[35mCREATE TABLE "car_parts" ("id" integer NOT NULL PRIMARY KEY, "part" varchar DEFAULT NULL, "car_id" integer NOT NULL, "created_at" datetime(6) NOT NULL, "updated_at" datetime(6) NOT NULL, CONSTRAINT "fk_rails_ab8ad05bbc"
FOREIGN KEY ("car_id")
  REFERENCES "cars" ("id")
)[0m
  [1m[35m (0.1ms)[0m  [1m[35mCREATE  INDEX "index_car_parts_on_car_id" ON "car_parts" ("car_id")[0m
  [1m[35m (0.1ms)[0m  [1m[32mINSERT INTO "car_parts" ("id","part","car_id","created_at","updated_at")
                     SELECT "id","part","car_id","created_at","updated_at" FROM "acar_parts"[0m
  [1m[35m (0.1ms)[0m  [1m[35mDROP TABLE "acar_parts"[0m
  [1m[35m (0.1ms)[0m  [1m[35mPRAGMA defer_foreign_keys = 0[0m
  [1m[35m (0.1ms)[0m  [1m[35mPRAGMA foreign_keys = 1[0m
  [1m[35m (9.8ms)[0m  [1m[36mcommit transaction[0m
  [1m[35m (0.1ms)[0m  [1m[36mbegin transaction[0m
  [1m[35m (0.1ms)[0m  [1m[35mPRAGMA foreign_keys[0m
  [1m[35m (0.2ms)[0m  [1m[35mPRAGMA defer_foreign_keys[0m
  [1m[35m (0.2ms)[0m  [1m[35mPRAGMA defer_foreign_keys = ON[0m
  [1m[35m (0.1ms)[0m  [1m[35mPRAGMA foreign_keys = OFF[0m
  [1m[35m (0.3ms)[0m  [1m[35mCREATE TEMPORARY TABLE "amakes" ("id" integer NOT NULL PRIMARY KEY, "name" varchar DEFAULT NULL, "country" varchar DEFAULT NULL, "car_id" integer NOT NULL, "created_at" datetime(6) NOT NULL, "updated_at" datetime(6) NOT NULL)[0m
  [1m[35m (0.1ms)[0m  [1m[35mCREATE  INDEX "tindex_amakes_on_car_id" ON "amakes" ("car_id")[0m
  [1m[35m (0.1ms)[0m  [1m[32mINSERT INTO "amakes" ("id","name","country","car_id","created_at","updated_at")
                     SELECT "id","name","country","car_id","created_at","updated_at" FROM "makes"[0m
  [1m[35m (1.3ms)[0m  [1m[35mDROP TABLE "makes"[0m
  [1m[35m (0.8ms)[0m  [1m[35mCREATE TABLE "makes" ("id" integer NOT NULL PRIMARY KEY, "name" varchar DEFAULT NULL, "country" varchar DEFAULT NULL, "car_id" integer NOT NULL, "created_at" datetime(6) NOT NULL, "updated_at" datetime(6) NOT NULL, CONSTRAINT "fk_rails_102fa2e36e"
FOREIGN KEY ("car_id")
  REFERENCES "cars" ("id")
)[0m
  [1m[35m (0.3ms)[0m  [1m[35mCREATE  INDEX "index_makes_on_car_id" ON "makes" ("car_id")[0m
  [1m[35m (0.1ms)[0m  [1m[32mINSERT INTO "makes" ("id","name","country","car_id","created_at","updated_at")
                     SELECT "id","name","country","car_id","created_at","updated_at" FROM "amakes"[0m
  [1m[35m (0.3ms)[0m  [1m[35mDROP TABLE "amakes"[0m
  [1m[35m (0.1ms)[0m  [1m[35mPRAGMA defer_foreign_keys = 0[0m
  [1m[35m (0.1ms)[0m  [1m[35mPRAGMA foreign_keys = 1[0m
  [1m[35m (10.2ms)[0m  [1m[36mcommit transaction[0m
  [1m[35m (11.0ms)[0m  [1m[35mCREATE TABLE "schema_migrations" ("version" varchar NOT NULL PRIMARY KEY)[0m
  [1m[35m (0.3ms)[0m  [1m[34mSELECT "schema_migrations"."version" FROM "schema_migrations" ORDER BY "schema_migrations"."version" ASC[0m
  [1m[35m (16.8ms)[0m  [1m[32mINSERT INTO "schema_migrations" (version) VALUES (20190915184058)[0m
  [1m[35m (15.6ms)[0m  [1m[32mINSERT INTO "schema_migrations" (version) VALUES
(20190914231542),
(20190914231911);

[0m
  [1m[35m (11.1ms)[0m  [1m[35mCREATE TABLE "ar_internal_metadata" ("key" varchar NOT NULL PRIMARY KEY, "value" varchar, "created_at" datetime(6) NOT NULL, "updated_at" datetime(6) NOT NULL)[0m
  [1m[36mActiveRecord::InternalMetadata Load (0.3ms)[0m  [1m[34mSELECT "ar_internal_metadata".* FROM "ar_internal_metadata" WHERE "ar_internal_metadata"."key" = ? LIMIT ?[0m  [["key", "environment"], ["LIMIT", 1]]
  [1m[35m (0.1ms)[0m  [1m[36mbegin transaction[0m
  [1m[36mActiveRecord::InternalMetadata Create (1.3ms)[0m  [1m[32mINSERT INTO "ar_internal_metadata" ("key", "value", "created_at", "updated_at") VALUES (?, ?, ?, ?)[0m  [["key", "environment"], ["value", "development"], ["created_at", "2019-09-16 16:38:27.649813"], ["updated_at", "2019-09-16 16:38:27.649813"]]
  [1m[35m (10.7ms)[0m  [1m[36mcommit transaction[0m
  [1m[36mActiveRecord::InternalMetadata Load (0.2ms)[0m  [1m[34mSELECT "ar_internal_metadata".* FROM "ar_internal_metadata" WHERE "ar_internal_metadata"."key" = ? LIMIT ?[0m  [["key", "environment"], ["LIMIT", 1]]
  [1m[35m (0.1ms)[0m  [1m[36mbegin transaction[0m
  [1m[36mActiveRecord::InternalMetadata Update (1.5ms)[0m  [1m[33mUPDATE "ar_internal_metadata" SET "value" = ?, "updated_at" = ? WHERE "ar_internal_metadata"."key" = ?[0m  [["value", "test"], ["updated_at", "2019-09-16 16:38:27.668596"], ["key", "environment"]]
  [1m[35m (8.5ms)[0m  [1m[36mcommit transaction[0m
  [1m[36mActiveRecord::InternalMetadata Load (0.2ms)[0m  [1m[34mSELECT "ar_internal_metadata".* FROM "ar_internal_metadata" WHERE "ar_internal_metadata"."key" = ? LIMIT ?[0m  [["key", "schema_sha1"], ["LIMIT", 1]]
  [1m[35m (0.1ms)[0m  [1m[36mbegin transaction[0m
  [1m[36mActiveRecord::InternalMetadata Create (2.4ms)[0m  [1m[32mINSERT INTO "ar_internal_metadata" ("key", "value", "created_at", "updated_at") VALUES (?, ?, ?, ?)[0m  [["key", "schema_sha1"], ["value", "63ba19c95896c0dba1f966610422e23c3e6f170d"], ["created_at", "2019-09-16 16:38:27.686455"], ["updated_at", "2019-09-16 16:38:27.686455"]]
  [1m[35m (8.5ms)[0m  [1m[36mcommit transaction[0m
  [1m[35m (0.1ms)[0m  [1m[34mSELECT sqlite_version(*)[0m
  [1m[35m (0.4ms)[0m  [1m[34mSELECT "schema_migrations"."version" FROM "schema_migrations" ORDER BY "schema_migrations"."version" ASC[0m
Started GET "/cars" for ::1 at 2019-09-16 10:39:09 -0600
  [1m[35m (0.8ms)[0m  [1m[34mSELECT sqlite_version(*)[0m
  [1m[35m (0.2ms)[0m  [1m[34mSELECT "schema_migrations"."version" FROM "schema_migrations" ORDER BY "schema_migrations"."version" ASC[0m
Processing by CarsController#index as HTML
  Rendering cars/index.html.erb within layouts/application
  [1m[36mCar Load (0.4ms)[0m  [1m[34mSELECT "cars".* FROM "cars"[0m
  ↳ app/views/cars/index.html.erb:16
  Rendered cars/index.html.erb within layouts/application (Duration: 7.0ms | Allocations: 1512)
Completed 200 OK in 4516ms (Views: 4504.7ms | ActiveRecord: 0.8ms | Allocations: 1258889)


Started GET "/cars/new" for ::1 at 2019-09-16 10:39:16 -0600
Processing by CarsController#new as HTML
  Rendering cars/new.html.erb within layouts/application
  Rendered cars/_form.html.erb (Duration: 50.6ms | Allocations: 5306)
  Rendered cars/new.html.erb within layouts/application (Duration: 52.3ms | Allocations: 5665)
Completed 200 OK in 91ms (Views: 78.9ms | ActiveRecord: 4.4ms | Allocations: 16316)


Started GET "/cars" for ::1 at 2019-09-16 10:39:20 -0600
Processing by CarsController#index as HTML
  Rendering cars/index.html.erb within layouts/application
  [1m[36mCar Load (0.3ms)[0m  [1m[34mSELECT "cars".* FROM "cars"[0m
  ↳ app/views/cars/index.html.erb:16
  Rendered cars/index.html.erb within layouts/application (Duration: 2.5ms | Allocations: 623)
Completed 200 OK in 33ms (Views: 31.7ms | ActiveRecord: 0.3ms | Allocations: 7551)


Started GET "/cars/new" for ::1 at 2019-09-16 10:39:21 -0600
Processing by CarsController#new as HTML
  Rendering cars/new.html.erb within layouts/application
  Rendered cars/_form.html.erb (Duration: 3.6ms | Allocations: 900)
  Rendered cars/new.html.erb within layouts/application (Duration: 5.2ms | Allocations: 986)
Completed 200 OK in 39ms (Views: 37.6ms | ActiveRecord: 0.0ms | Allocations: 7921)


Started POST "/cars" for ::1 at 2019-09-16 10:39:33 -0600
Processing by CarsController#create as HTML
  Parameters: {"authenticity_token"=>"Bw/VHcoGMg1oT6PoHXMWbqxYMaQFXu/l00hlnH3+wx6IKyaP0Nqonus7sj82urFSPDxYHAWGhETMY4I6pFnASw==", "car"=>{"model"=>"Avalon", "vin"=>"2", "part"=>"arse"}, "commit"=>"Create Car"}
  [1m[35m (0.1ms)[0m  [1m[36mbegin transaction[0m
  ↳ app/controllers/cars_controller.rb:30:in `block in create'
  [1m[36mCar Create (1.4ms)[0m  [1m[32mINSERT INTO "cars" ("model", "vin", "part", "created_at", "updated_at") VALUES (?, ?, ?, ?, ?)[0m  [["model", "Avalon"], ["vin", 2], ["part", "arse"], ["created_at", "2019-09-16 16:39:33.412547"], ["updated_at", "2019-09-16 16:39:33.412547"]]
  ↳ app/controllers/cars_controller.rb:30:in `block in create'
  [1m[35m (9.3ms)[0m  [1m[36mcommit transaction[0m
  ↳ app/controllers/cars_controller.rb:30:in `block in create'
Redirected to http://localhost:3000/cars/1
Completed 302 Found in 27ms (ActiveRecord: 10.8ms | Allocations: 4236)


Started GET "/cars/1" for ::1 at 2019-09-16 10:39:33 -0600
Processing by CarsController#show as HTML
  Parameters: {"id"=>"1"}
  [1m[36mCar Load (0.3ms)[0m  [1m[34mSELECT "cars".* FROM "cars" WHERE "cars"."id" = ? LIMIT ?[0m  [["id", 1], ["LIMIT", 1]]
  ↳ app/controllers/cars_controller.rb:67:in `set_car'
  Rendering cars/show.html.erb within layouts/application
  Rendered cars/show.html.erb within layouts/application (Duration: 0.8ms | Allocations: 302)
Completed 200 OK in 33ms (Views: 29.2ms | ActiveRecord: 0.3ms | Allocations: 8302)


Started GET "/cars" for ::1 at 2019-09-16 10:39:41 -0600
Processing by CarsController#index as HTML
  Rendering cars/index.html.erb within layouts/application
  [1m[36mCar Load (0.2ms)[0m  [1m[34mSELECT "cars".* FROM "cars"[0m
  ↳ app/views/cars/index.html.erb:16
  Rendered cars/index.html.erb within layouts/application (Duration: 27.2ms | Allocations: 744)
Completed 200 OK in 56ms (Views: 54.4ms | ActiveRecord: 0.2ms | Allocations: 7664)


Started GET "/cars/1" for ::1 at 2019-09-16 10:39:47 -0600
Processing by CarsController#show as HTML
  Parameters: {"id"=>"1"}
  [1m[36mCar Load (0.3ms)[0m  [1m[34mSELECT "cars".* FROM "cars" WHERE "cars"."id" = ? LIMIT ?[0m  [["id", 1], ["LIMIT", 1]]
  ↳ app/controllers/cars_controller.rb:67:in `set_car'
  Rendering cars/show.html.erb within layouts/application
  Rendered cars/show.html.erb within layouts/application (Duration: 0.3ms | Allocations: 95)
Completed 200 OK in 39ms (Views: 35.2ms | ActiveRecord: 0.3ms | Allocations: 7511)


Started GET "/cars" for ::1 at 2019-09-16 10:39:48 -0600
Processing by CarsController#index as HTML
  Rendering cars/index.html.erb within layouts/application
  [1m[36mCar Load (0.5ms)[0m  [1m[34mSELECT "cars".* FROM "cars"[0m
  ↳ app/views/cars/index.html.erb:16
  Rendered cars/index.html.erb within layouts/application (Duration: 3.8ms | Allocations: 743)
Completed 200 OK in 40ms (Views: 38.6ms | ActiveRecord: 0.5ms | Allocations: 7666)


Started DELETE "/cars/1" for ::1 at 2019-09-16 10:39:51 -0600
Processing by CarsController#destroy as HTML
  Parameters: {"authenticity_token"=>"IrfFU3WJX7V7TQL61WUoGUU1ryMIiS6/roabXhArhPXOWztERw4k5PvX3ieSAXzmRUttv8NPwOSFpdsSMQNkSQ==", "id"=>"1"}
  [1m[36mCar Load (0.4ms)[0m  [1m[34mSELECT "cars".* FROM "cars" WHERE "cars"."id" = ? LIMIT ?[0m  [["id", 1], ["LIMIT", 1]]
  ↳ app/controllers/cars_controller.rb:67:in `set_car'
  [1m[35m (0.4ms)[0m  [1m[36mbegin transaction[0m
  ↳ app/controllers/cars_controller.rb:57:in `destroy'
  [1m[36mCar Destroy (1.3ms)[0m  [1m[31mDELETE FROM "cars" WHERE "cars"."id" = ?[0m  [["id", 1]]
  ↳ app/controllers/cars_controller.rb:57:in `destroy'
  [1m[35m (16.1ms)[0m  [1m[36mcommit transaction[0m
  ↳ app/controllers/cars_controller.rb:57:in `destroy'
Redirected to http://localhost:3000/cars
Completed 302 Found in 41ms (ActiveRecord: 18.2ms | Allocations: 3892)


Started GET "/cars" for ::1 at 2019-09-16 10:39:51 -0600
Processing by CarsController#index as HTML
  Rendering cars/index.html.erb within layouts/application
  [1m[36mCar Load (0.7ms)[0m  [1m[34mSELECT "cars".* FROM "cars"[0m
  ↳ app/views/cars/index.html.erb:16
  Rendered cars/index.html.erb within layouts/application (Duration: 6.7ms | Allocations: 616)
Completed 200 OK in 30ms (Views: 28.5ms | ActiveRecord: 0.7ms | Allocations: 7559)


Started GET "/cars" for ::1 at 2019-09-16 10:54:28 -0600
  [1m[35m (1.1ms)[0m  [1m[34mSELECT sqlite_version(*)[0m
  [1m[35m (0.2ms)[0m  [1m[34mSELECT "schema_migrations"."version" FROM "schema_migrations" ORDER BY "schema_migrations"."version" ASC[0m
Processing by CarsController#index as HTML
  Rendering cars/index.html.erb within layouts/application
  [1m[36mCar Load (0.2ms)[0m  [1m[34mSELECT "cars".* FROM "cars"[0m
  ↳ app/views/cars/index.html.erb:16
  Rendered cars/index.html.erb within layouts/application (Duration: 4.8ms | Allocations: 1448)
Completed 200 OK in 3989ms (Views: 3973.6ms | ActiveRecord: 0.5ms | Allocations: 1258429)


Started GET "/cars/new" for ::1 at 2019-09-16 10:54:39 -0600
Processing by CarsController#new as HTML
  Rendering cars/new.html.erb within layouts/application
  Rendered cars/_form.html.erb (Duration: 53.1ms | Allocations: 5307)
  Rendered cars/new.html.erb within layouts/application (Duration: 55.8ms | Allocations: 5666)
Completed 200 OK in 98ms (Views: 84.1ms | ActiveRecord: 1.0ms | Allocations: 16320)


Started POST "/cars" for ::1 at 2019-09-16 10:55:08 -0600
Processing by CarsController#create as HTML
  Parameters: {"authenticity_token"=>"iP4nS3gx3fTXFYbDcV73rqG3okB82yhrc3OyoQ7DM9EH2tTZYu1HZ1RhlxRal1CSMdPL+HwDQ8psWFUH12QwhA==", "car"=>{"model"=>"Avalon", "vin"=>"1234567890", "part"=>"Transmission"}, "commit"=>"Create Car"}
  [1m[35m (0.3ms)[0m  [1m[36mbegin transaction[0m
  ↳ app/controllers/cars_controller.rb:30:in `block in create'
  [1m[36mCar Create (1.3ms)[0m  [1m[32mINSERT INTO "cars" ("model", "vin", "part", "created_at", "updated_at") VALUES (?, ?, ?, ?, ?)[0m  [["model", "Avalon"], ["vin", 1234567890], ["part", "Transmission"], ["created_at", "2019-09-16 16:55:08.992781"], ["updated_at", "2019-09-16 16:55:08.992781"]]
  ↳ app/controllers/cars_controller.rb:30:in `block in create'
  [1m[35m (23.4ms)[0m  [1m[36mcommit transaction[0m
  ↳ app/controllers/cars_controller.rb:30:in `block in create'
Redirected to http://localhost:3000/cars/2
Completed 302 Found in 42ms (ActiveRecord: 25.0ms | Allocations: 4248)


Started GET "/cars/2" for ::1 at 2019-09-16 10:55:09 -0600
Processing by CarsController#show as HTML
  Parameters: {"id"=>"2"}
  [1m[36mCar Load (0.2ms)[0m  [1m[34mSELECT "cars".* FROM "cars" WHERE "cars"."id" = ? LIMIT ?[0m  [["id", 2], ["LIMIT", 1]]
  ↳ app/controllers/cars_controller.rb:67:in `set_car'
  Rendering cars/show.html.erb within layouts/application
  Rendered cars/show.html.erb within layouts/application (Duration: 0.9ms | Allocations: 303)
Completed 200 OK in 35ms (Views: 31.3ms | ActiveRecord: 0.2ms | Allocations: 8315)


Started GET "/cars" for ::1 at 2019-09-16 10:55:12 -0600
Processing by CarsController#index as HTML
  Rendering cars/index.html.erb within layouts/application
  [1m[36mCar Load (0.3ms)[0m  [1m[34mSELECT "cars".* FROM "cars"[0m
  ↳ app/views/cars/index.html.erb:16
  Rendered cars/index.html.erb within layouts/application (Duration: 4.0ms | Allocations: 750)
Completed 200 OK in 39ms (Views: 36.6ms | ActiveRecord: 0.3ms | Allocations: 7672)


Started GET "/parts" for ::1 at 2019-09-16 10:57:30 -0600
  [1m[35m (1.1ms)[0m  [1m[34mSELECT sqlite_version(*)[0m
  [1m[35m (0.2ms)[0m  [1m[34mSELECT "schema_migrations"."version" FROM "schema_migrations" ORDER BY "schema_migrations"."version" ASC[0m
Processing by PartsController#index as HTML
  Rendering parts/index.html.erb within layouts/application
  [1m[36mPart Load (0.2ms)[0m  [1m[34mSELECT "parts".* FROM "parts"[0m
  ↳ app/views/parts/index.html.erb:14
  Rendered parts/index.html.erb within layouts/application (Duration: 30.9ms | Allocations: 1349)
Completed 200 OK in 4017ms (Views: 3966.7ms | ActiveRecord: 0.6ms | Allocations: 1258317)


Started GET "/parts/new" for ::1 at 2019-09-16 10:57:36 -0600
Processing by PartsController#new as HTML
  Rendering parts/new.html.erb within layouts/application
  Rendered parts/_form.html.erb (Duration: 31.5ms | Allocations: 2403)
  Rendered parts/new.html.erb within layouts/application (Duration: 56.4ms | Allocations: 2762)
Completed 200 OK in 88ms (Views: 81.0ms | ActiveRecord: 0.9ms | Allocations: 12304)


Started POST "/parts" for ::1 at 2019-09-16 10:57:41 -0600
Processing by PartsController#create as HTML
  Parameters: {"authenticity_token"=>"liqsoFh09YOQwxAMIPYgkKJYkkGCfrW6Ev5ZbtzUU2eihKrUI2AiZmJ69/FUIcxCAVB44HJy4XQ1mHAIJbx30w==", "part"=>{"name"=>"Automatic Transmission"}, "commit"=>"Create Part"}
  Rendering parts/new.html.erb within layouts/application
  Rendered parts/_form.html.erb (Duration: 1.2ms | Allocations: 680)
  Rendered parts/new.html.erb within layouts/application (Duration: 1.8ms | Allocations: 766)
Completed 200 OK in 79ms (Views: 23.4ms | ActiveRecord: 0.0ms | Allocations: 11902)


Started GET "/cars" for ::1 at 2019-09-16 11:06:23 -0600
  [1m[35m (3.7ms)[0m  [1m[34mSELECT sqlite_version(*)[0m
  [1m[35m (0.3ms)[0m  [1m[34mSELECT "schema_migrations"."version" FROM "schema_migrations" ORDER BY "schema_migrations"."version" ASC[0m
Processing by CarsController#index as HTML
  Rendering cars/index.html.erb within layouts/application
  [1m[36mCar Load (0.2ms)[0m  [1m[34mSELECT "cars".* FROM "cars"[0m
  ↳ app/views/cars/index.html.erb:16
  Rendered cars/index.html.erb within layouts/application (Duration: 11.1ms | Allocations: 5310)
Completed 200 OK in 3923ms (Views: 3901.2ms | ActiveRecord: 0.9ms | Allocations: 1261505)


